<?xml version="1.0" encoding="UTF-8"?>
<!-- Generated by org.testng.reporters.JUnitReportReporter -->
<testsuite hostname="Prabhakar_Gudi" failures="0" tests="8" name="com.sgtesting.tests.testcases.Testcases" time="45.468" errors="0" timestamp="2024-04-09T18:13:15 IST" skipped="0">
  <testcase classname="com.sgtesting.tests.testcases.Testcases" name="launchBrowser" time="6.996"/>
  <testcase classname="com.sgtesting.tests.testcases.Testcases" name="navigateURL" time="5.732"/>
  <testcase classname="com.sgtesting.tests.testcases.Testcases" name="login" time="5.293"/>
  <testcase classname="com.sgtesting.tests.testcases.Testcases" name="minimizeFlyOutWindow" time="2.083"/>
  <testcase classname="com.sgtesting.tests.testcases.Testcases" name="createUser" time="12.625"/>
  <testcase classname="com.sgtesting.tests.testcases.Testcases" name="deleteUser" time="8.249"/>
  <testcase classname="com.sgtesting.tests.testcases.Testcases" name="logout" time="2.224"/>
  <testcase classname="com.sgtesting.tests.testcases.Testcases" name="closeApp" time="2.266"/>
</testsuite> <!-- com.sgtesting.tests.testcases.Testcases -->
